This is pdfTeX, Version 3.141592653-2.6-1.40.29 (TeX Live 2026) (preloaded format=pdflatex 2026.5.6)  27 MAY 2026 17:19
entering extended mode
 restricted \write18 enabled.
 file:line:error style messages enabled.
 %&-line parsing enabled.
**/Users/andreavigani/Desktop/GHub/MusAC/latex/MaC.tex
(/Users/andreavigani/Desktop/GHub/MusAC/latex/MaC.tex
LaTeX2e <2025-11-01>
L3 programming layer <2026-01-19>
(/usr/local/texlive/2026/texmf-dist/tex/latex/base/book.cls
Document Class: book 2025/01/22 v1.4n Standard LaTeX document class
(/usr/local/texlive/2026/texmf-dist/tex/latex/base/bk11.clo
File: bk11.clo 2025/01/22 v1.4n Standard LaTeX file (size option)
)
\c@part=\count275
\c@chapter=\count276
\c@section=\count277
\c@subsection=\count278
\c@subsubsection=\count279
\c@paragraph=\count280
\c@subparagraph=\count281
\c@figure=\count282
\c@table=\count283
\abovecaptionskip=\skip49
\belowcaptionskip=\skip50
\bibindent=\dimen148
) (/usr/local/texlive/2026/texmf-dist/tex/generic/iftex/iftex.sty
Package: iftex 2024/12/12 v1.0g TeX engine tests
) (/usr/local/texlive/2026/texmf-dist/tex/latex/base/fontenc.sty
Package: fontenc 2025/07/18 v2.1d Standard LaTeX package
) (/usr/local/texlive/2026/texmf-dist/tex/latex/base/inputenc.sty
Package: inputenc 2024/02/08 v1.3d Input encoding file
\inpenc@prehook=\toks17
\inpenc@posthook=\toks18
)
   defining Unicode char U+200B (decimal 8203)
 (/usr/local/texlive/2026/texmf-dist/tex/latex/parskip/parskip.sty
Package: parskip 2021-03-14 v2.0h non-zero parskip adjustments
 (/usr/local/texlive/2026/texmf-dist/tex/latex/kvoptions/kvoptions.sty
Package: kvoptions 2022-06-15 v3.15 Key value format for package options (HO)
 (/usr/local/texlive/2026/texmf-dist/tex/latex/graphics/keyval.sty
Package: keyval 2022/05/29 v1.15 key=value parser (DPC)
\KV@toks@=\toks19
) (/usr/local/texlive/2026/texmf-dist/tex/generic/ltxcmds/ltxcmds.sty
Package: ltxcmds 2023-12-04 v1.26 LaTeX kernel commands for general use (HO)
) (/usr/local/texlive/2026/texmf-dist/tex/latex/kvsetkeys/kvsetkeys.sty
Package: kvsetkeys 2022-10-05 v1.19 Key value parser (HO)
)) (/usr/local/texlive/2026/texmf-dist/tex/latex/etoolbox/etoolbox.sty
Package: etoolbox 2025/10/02 v2.5m e-TeX tools for LaTeX (JAW)
\etb@tempcnta=\count284
)) (/usr/local/texlive/2026/texmf-dist/tex/latex/geometry/geometry.sty
Package: geometry 2026/03/07 v6.0 Page Geometry
 (/usr/local/texlive/2026/texmf-dist/tex/generic/iftex/ifvtex.sty
Package: ifvtex 2019/10/25 v1.7 ifvtex legacy package. Use iftex instead.
)
\Gm@cnth=\count285
\Gm@cntv=\count286
\c@Gm@tempcnt=\count287
\Gm@bindingoffset=\dimen149
\Gm@wd@mp=\dimen150
\Gm@odd@mp=\dimen151
\Gm@even@mp=\dimen152
\Gm@layoutwidth=\dimen153
\Gm@layoutheight=\dimen154
\Gm@layouthoffset=\dimen155
\Gm@layoutvoffset=\dimen156
\Gm@dimlist=\toks20
) (/usr/local/texlive/2026/texmf-dist/tex/latex/amsmath/amsmath.sty
Package: amsmath 2025/07/09 v2.17z AMS math features
\@mathmargin=\skip51

For additional information on amsmath, use the `?' option.
(/usr/local/texlive/2026/texmf-dist/tex/latex/amsmath/amstext.sty
Package: amstext 2024/11/17 v2.01 AMS text
 (/usr/local/texlive/2026/texmf-dist/tex/latex/amsmath/amsgen.sty
File: amsgen.sty 1999/11/30 v2.0 generic functions
\@emptytoks=\toks21
\ex@=\dimen157
)) (/usr/local/texlive/2026/texmf-dist/tex/latex/amsmath/amsbsy.sty
Package: amsbsy 1999/11/29 v1.2d Bold Symbols
\pmbraise@=\dimen158
) (/usr/local/texlive/2026/texmf-dist/tex/latex/amsmath/amsopn.sty
Package: amsopn 2022/04/08 v2.04 operator names
)
\inf@bad=\count288
LaTeX Info: Redefining \frac on input line 233.
\uproot@=\count289
\leftroot@=\count290
LaTeX Info: Redefining \overline on input line 398.
LaTeX Info: Redefining \colon on input line 409.
\classnum@=\count291
\DOTSCASE@=\count292
LaTeX Info: Redefining \ldots on input line 495.
LaTeX Info: Redefining \dots on input line 498.
LaTeX Info: Redefining \cdots on input line 619.
\Mathstrutbox@=\box53
\strutbox@=\box54
LaTeX Info: Redefining \big on input line 721.
LaTeX Info: Redefining \Big on input line 722.
LaTeX Info: Redefining \bigg on input line 723.
LaTeX Info: Redefining \Bigg on input line 724.
\big@size=\dimen159
LaTeX Font Info:    Redeclaring font encoding OML on input line 742.
LaTeX Font Info:    Redeclaring font encoding OMS on input line 743.
\macc@depth=\count293
LaTeX Info: Redefining \bmod on input line 904.
LaTeX Info: Redefining \pmod on input line 909.
LaTeX Info: Redefining \smash on input line 939.
LaTeX Info: Redefining \relbar on input line 969.
LaTeX Info: Redefining \Relbar on input line 970.
\c@MaxMatrixCols=\count294
\dotsspace@=\muskip17
\c@parentequation=\count295
\dspbrk@lvl=\count296
\tag@help=\toks22
\row@=\count297
\column@=\count298
\maxfields@=\count299
\andhelp@=\toks23
\eqnshift@=\dimen160
\alignsep@=\dimen161
\tagshift@=\dimen162
\tagwidth@=\dimen163
\totwidth@=\dimen164
\lineht@=\dimen165
\@envbody=\toks24
\multlinegap=\skip52
\multlinetaggap=\skip53
\mathdisplay@stack=\toks25
LaTeX Info: Redefining \[ on input line 2950.
LaTeX Info: Redefining \] on input line 2951.
) (/usr/local/texlive/2026/texmf-dist/tex/latex/amsfonts/amssymb.sty
Package: amssymb 2013/01/14 v3.01 AMS font symbols
 (/usr/local/texlive/2026/texmf-dist/tex/latex/amsfonts/amsfonts.sty
Package: amsfonts 2013/01/14 v3.01 Basic AMSFonts support
\symAMSa=\mathgroup4
\symAMSb=\mathgroup5
LaTeX Font Info:    Redeclaring math symbol \hbar on input line 98.
LaTeX Font Info:    Overwriting math alphabet `\mathfrak' in version `bold'
(Font)                  U/euf/m/n --> U/euf/b/n on input line 106.
)) (/usr/local/texlive/2026/texmf-dist/tex/latex/titling/titling.sty
Package: titling 2009/09/04 v2.1d maketitle typesetting
\thanksmarkwidth=\skip54
\thanksmargin=\skip55
\droptitle=\skip56
) (/usr/local/texlive/2026/texmf-dist/tex/latex/graphics/graphicx.sty
Package: graphicx 2024/12/31 v1.2e Enhanced LaTeX Graphics (DPC,SPQR)
 (/usr/local/texlive/2026/texmf-dist/tex/latex/graphics/graphics.sty
Package: graphics 2024/08/06 v1.4g Standard LaTeX Graphics (DPC,SPQR)
 (/usr/local/texlive/2026/texmf-dist/tex/latex/graphics/trig.sty
Package: trig 2023/12/02 v1.11 sin cos tan (DPC)
) (/usr/local/texlive/2026/texmf-dist/tex/latex/graphics-cfg/graphics.cfg
File: graphics.cfg 2016/06/04 v1.11 sample graphics configuration
)
Package graphics Info: Driver file: pdftex.def on input line 106.
 (/usr/local/texlive/2026/texmf-dist/tex/latex/graphics-def/pdftex.def
File: pdftex.def 2025/09/29 v1.2d Graphics/color driver for pdftex
))
\Gin@req@height=\dimen166
\Gin@req@width=\dimen167
) (/usr/local/texlive/2026/texmf-dist/tex/latex/adjustbox/adjustbox.sty
Package: adjustbox 2025/02/26 v1.3c Adjusting TeX boxes (trim, clip, ...)
 (/usr/local/texlive/2026/texmf-dist/tex/latex/xkeyval/xkeyval.sty
Package: xkeyval 2025/11/04 v2.10 package option processing (HA)
 (/usr/local/texlive/2026/texmf-dist/tex/generic/xkeyval/xkeyval.tex (/usr/local/texlive/2026/texmf-dist/tex/generic/xkeyval/xkvutils.tex
\XKV@toks=\toks26
\XKV@tempa@toks=\toks27
\XKV@tempb@toks=\toks28
)
\XKV@depth=\count300
File: xkeyval.tex 2014/12/03 v2.7a key=value parser (HA)
)) (/usr/local/texlive/2026/texmf-dist/tex/latex/adjustbox/adjcalc.sty
Package: adjcalc 2012/05/16 v1.1 Provides advanced setlength with multiple back-ends (calc, etex, pgfmath)
) (/usr/local/texlive/2026/texmf-dist/tex/latex/adjustbox/trimclip.sty
Package: trimclip 2025/02/21 v1.2a Trim and clip general TeX material
 (/usr/local/texlive/2026/texmf-dist/tex/latex/collectbox/collectbox.sty
Package: collectbox 2022/10/17 v0.4c Collect macro arguments as boxes
\collectedbox=\box55
)
\tc@llx=\dimen168
\tc@lly=\dimen169
\tc@urx=\dimen170
\tc@ury=\dimen171
Package trimclip Info: Using driver 'tc-pdftex.def'.
 (/usr/local/texlive/2026/texmf-dist/tex/latex/adjustbox/tc-pdftex.def
File: tc-pdftex.def 2025/02/26 v2.3 Clipping driver for pdftex
))
\adjbox@Width=\dimen172
\adjbox@Height=\dimen173
\adjbox@Depth=\dimen174
\adjbox@Totalheight=\dimen175
\adjbox@pwidth=\dimen176
\adjbox@pheight=\dimen177
\adjbox@pdepth=\dimen178
\adjbox@ptotalheight=\dimen179
 (/usr/local/texlive/2026/texmf-dist/tex/latex/ifoddpage/ifoddpage.sty
Package: ifoddpage 2022/10/18 v1.2 Conditionals for odd/even page detection
\c@checkoddpage=\count301
) (/usr/local/texlive/2026/texmf-dist/tex/latex/varwidth/varwidth.sty
Package: varwidth 2009/03/30 ver 0.92;  Variable-width minipages
\@vwid@box=\box56
\sift@deathcycles=\count302
\@vwid@loff=\dimen180
\@vwid@roff=\dimen181
)
==> First Aid for varwidth.sty applied!
) (/usr/local/texlive/2026/texmf-dist/tex/latex/float/float.sty
Package: float 2001/11/08 v1.3d Float enhancements (AL)
\c@float@type=\count303
\float@exts=\toks29
\float@box=\box57
\@float@everytoks=\toks30
\@floatcapt=\box58
) (/usr/local/texlive/2026/texmf-dist/tex/latex/xcolor/xcolor.sty
Package: xcolor 2024/09/29 v3.02 LaTeX color extensions (UK)
 (/usr/local/texlive/2026/texmf-dist/tex/latex/graphics-cfg/color.cfg
File: color.cfg 2016/01/02 v1.6 sample color configuration
)
Package xcolor Info: Driver file: pdftex.def on input line 274.
 (/usr/local/texlive/2026/texmf-dist/tex/latex/graphics/mathcolor.ltx)
Package xcolor Info: Model `cmy' substituted by `cmy0' on input line 1349.
Package xcolor Info: Model `hsb' substituted by `rgb' on input line 1353.
Package xcolor Info: Model `RGB' extended on input line 1365.
Package xcolor Info: Model `HTML' substituted by `rgb' on input line 1367.
Package xcolor Info: Model `Hsb' substituted by `hsb' on input line 1368.
Package xcolor Info: Model `tHsb' substituted by `hsb' on input line 1369.
Package xcolor Info: Model `HSB' substituted by `hsb' on input line 1370.
Package xcolor Info: Model `Gray' substituted by `gray' on input line 1371.
Package xcolor Info: Model `wave' substituted by `hsb' on input line 1372.
) (/usr/local/texlive/2026/texmf-dist/tex/latex/hyperref/hyperref.sty
Package: hyperref 2026-01-29 v7.01p Hypertext links for LaTeX
 (/usr/local/texlive/2026/texmf-dist/tex/generic/kvdefinekeys/kvdefinekeys.sty
Package: kvdefinekeys 2019-12-19 v1.6 Define keys (HO)
) (/usr/local/texlive/2026/texmf-dist/tex/generic/pdfescape/pdfescape.sty
Package: pdfescape 2019/12/09 v1.15 Implements pdfTeX's escape features (HO)
 (/usr/local/texlive/2026/texmf-dist/tex/generic/pdftexcmds/pdftexcmds.sty
Package: pdftexcmds 2020-06-27 v0.33 Utility functions of pdfTeX for LuaTeX (HO)
 (/usr/local/texlive/2026/texmf-dist/tex/generic/infwarerr/infwarerr.sty
Package: infwarerr 2019/12/03 v1.5 Providing info/warning/error messages (HO)
)
Package pdftexcmds Info: \pdf@primitive is available.
Package pdftexcmds Info: \pdf@ifprimitive is available.
Package pdftexcmds Info: \pdfdraftmode found.
)) (/usr/local/texlive/2026/texmf-dist/tex/latex/hycolor/hycolor.sty
Package: hycolor 2020-01-27 v1.10 Color options for hyperref/bookmark (HO)
) (/usr/local/texlive/2026/texmf-dist/tex/latex/hyperref/nameref.sty
Package: nameref 2026-01-29 v2.58 Cross-referencing by name of section
 (/usr/local/texlive/2026/texmf-dist/tex/latex/refcount/refcount.sty
Package: refcount 2019/12/15 v3.6 Data extraction from label references (HO)
) (/usr/local/texlive/2026/texmf-dist/tex/generic/gettitlestring/gettitlestring.sty
Package: gettitlestring 2019/12/15 v1.6 Cleanup title references (HO)
)
\c@section@level=\count304
) (/usr/local/texlive/2026/texmf-dist/tex/generic/stringenc/stringenc.sty
Package: stringenc 2019/11/29 v1.12 Convert strings between diff. encodings (HO)
)
\@linkdim=\dimen182
\Hy@linkcounter=\count305
\Hy@pagecounter=\count306
 (/usr/local/texlive/2026/texmf-dist/tex/latex/hyperref/pd1enc.def
File: pd1enc.def 2026-01-29 v7.01p Hyperref: PDFDocEncoding definition (HO)
Now handling font encoding PD1 ...
... no UTF-8 mapping file for font encoding PD1
) (/usr/local/texlive/2026/texmf-dist/tex/generic/intcalc/intcalc.sty
Package: intcalc 2019/12/15 v1.3 Expandable calculations with integers (HO)
)
\Hy@SavedSpaceFactor=\count307
 (/usr/local/texlive/2026/texmf-dist/tex/latex/hyperref/puenc.def
File: puenc.def 2026-01-29 v7.01p Hyperref: PDF Unicode definition (HO)
Now handling font encoding PU ...
... no UTF-8 mapping file for font encoding PU
)
Package hyperref Info: Hyper figures OFF on input line 4201.
Package hyperref Info: Link nesting OFF on input line 4206.
Package hyperref Info: Hyper index ON on input line 4209.
Package hyperref Info: Plain pages OFF on input line 4216.
Package hyperref Info: Backreferencing OFF on input line 4221.
Package hyperref Info: Implicit mode ON; LaTeX internals redefined.
Package hyperref Info: Bookmarks ON on input line 4468.
\c@Hy@tempcnt=\count308
 (/usr/local/texlive/2026/texmf-dist/tex/latex/url/url.sty
\Urlmuskip=\muskip18
Package: url 2013/09/16  ver 3.4  Verb mode for urls, etc.
)
LaTeX Info: Redefining \url on input line 4807.
\XeTeXLinkMargin=\dimen183
 (/usr/local/texlive/2026/texmf-dist/tex/generic/bitset/bitset.sty
Package: bitset 2019/12/09 v1.3 Handle bit-vector datatype (HO)
 (/usr/local/texlive/2026/texmf-dist/tex/generic/bigintcalc/bigintcalc.sty
Package: bigintcalc 2019/12/15 v1.5 Expandable calculations on big integers (HO)
))
\Fld@menulength=\count309
\Field@Width=\dimen184
\Fld@charsize=\dimen185
Package hyperref Info: Hyper figures OFF on input line 6084.
Package hyperref Info: Link nesting OFF on input line 6089.
Package hyperref Info: Hyper index ON on input line 6092.
Package hyperref Info: backreferencing OFF on input line 6099.
Package hyperref Info: Link coloring OFF on input line 6104.
Package hyperref Info: Link coloring with OCG OFF on input line 6109.
Package hyperref Info: PDF/A mode OFF on input line 6114.
\Hy@abspage=\count310
\c@Item=\count311
\c@Hfootnote=\count312
)
Package hyperref Info: Driver (autodetected): hpdftex.
 (/usr/local/texlive/2026/texmf-dist/tex/latex/hyperref/hpdftex.def
File: hpdftex.def 2026-01-29 v7.01p Hyperref driver for pdfTeX
\Fld@listcount=\count313
\c@bookmark@seq@number=\count314
 (/usr/local/texlive/2026/texmf-dist/tex/latex/rerunfilecheck/rerunfilecheck.sty
Package: rerunfilecheck 2025-06-21 v1.11 Rerun checks for auxiliary files (HO)
 (/usr/local/texlive/2026/texmf-dist/tex/generic/uniquecounter/uniquecounter.sty
Package: uniquecounter 2019/12/15 v1.4 Provide unlimited unique counter (HO)
)
Package uniquecounter Info: New unique counter `rerunfilecheck' on input line 284.
)
\Hy@SectionHShift=\skip57
)
Package hyperref Info: Option `breaklinks' set `true' on input line 40.
Package hyperref Info: Option `colorlinks' set `true' on input line 40.
 (/usr/local/texlive/2026/texmf-dist/tex/latex/listings/listings.sty
\lst@mode=\count315
\lst@gtempboxa=\box59
\lst@token=\toks31
\lst@length=\count316
\lst@currlwidth=\dimen186
\lst@column=\count317
\lst@pos=\count318
\lst@lostspace=\dimen187
\lst@width=\dimen188
\lst@newlines=\count319
\lst@lineno=\count320
\lst@maxwidth=\dimen189
 (/usr/local/texlive/2026/texmf-dist/tex/latex/listings/lstpatch.sty
File: lstpatch.sty 2025/11/14 1.11b (Carsten Heinz)
) (/usr/local/texlive/2026/texmf-dist/tex/latex/listings/lstmisc.sty
File: lstmisc.sty 2025/11/14 1.11b (Carsten Heinz)
\c@lstnumber=\count321
\lst@skipnumbers=\count322
\lst@framebox=\box60
) (/usr/local/texlive/2026/texmf-dist/tex/latex/listings/listings.cfg
File: listings.cfg 2025/11/14 1.11b listings configuration
))
Package: listings 2025/11/14 1.11b (Carsten Heinz)

==> First Aid for listings.sty no longer applied!
    Expected:
        2024/09/23 1.10c (Carsten Heinz)
    but found:
        2025/11/14 1.11b (Carsten Heinz)
    so I'm assuming it got fixed.
(/usr/local/texlive/2026/texmf-dist/tex/latex/listings/lstlang1.sty
File: lstlang1.sty 2025/11/14 1.11b listings language file
) (/usr/local/texlive/2026/texmf-dist/tex/latex/appendix/appendix.sty
Package: appendix 2020/02/08 v1.2c extra appendix facilities
\c@@pps=\count323
\c@@ppsavesec=\count324
\c@@ppsaveapp=\count325
) (/usr/local/texlive/2026/texmf-dist/tex/latex/l3backend/l3backend-pdftex.def
File: l3backend-pdftex.def 2025-10-09 L3 backend support: PDF output (pdfTeX)
\l__color_backend_stack_int=\count326
) (./MaC.aux)
\openout1 = `MaC.aux'.

LaTeX Font Info:    Checking defaults for OML/cmm/m/it on input line 83.
LaTeX Font Info:    ... okay on input line 83.
LaTeX Font Info:    Checking defaults for OMS/cmsy/m/n on input line 83.
LaTeX Font Info:    ... okay on input line 83.
LaTeX Font Info:    Checking defaults for OT1/cmr/m/n on input line 83.
LaTeX Font Info:    ... okay on input line 83.
LaTeX Font Info:    Checking defaults for T1/cmr/m/n on input line 83.
LaTeX Font Info:    ... okay on input line 83.
LaTeX Font Info:    Checking defaults for TS1/cmr/m/n on input line 83.
LaTeX Font Info:    ... okay on input line 83.
LaTeX Font Info:    Checking defaults for OMX/cmex/m/n on input line 83.
LaTeX Font Info:    ... okay on input line 83.
LaTeX Font Info:    Checking defaults for U/cmr/m/n on input line 83.
LaTeX Font Info:    ... okay on input line 83.
LaTeX Font Info:    Checking defaults for PD1/pdf/m/n on input line 83.
LaTeX Font Info:    ... okay on input line 83.
LaTeX Font Info:    Checking defaults for PU/pdf/m/n on input line 83.
LaTeX Font Info:    ... okay on input line 83.

*geometry* driver: auto-detecting
*geometry* detected driver: pdftex

Package geometry Warning: The marginal notes overrun the paper.
     Add 40.73001pt and more to the right margin.

*geometry* verbose mode - [ preamble ] result:
* driver: pdftex
* paper: a4paper
* layout: <same size as paper>
* layoutoffset:(h,v)=(0.0pt,0.0pt)
* modes: twoside 
* h-part:(L,W,R)=(72.26999pt, 452.9679pt, 72.26999pt)
* v-part:(T,H,B)=(72.26999pt, 700.50687pt, 72.26999pt)
* \paperwidth=597.50787pt
* \paperheight=845.04684pt
* \textwidth=452.9679pt
* \textheight=700.50687pt
* \oddsidemargin=0.0pt
* \evensidemargin=0.0pt
* \topmargin=-31.8738pt
* \headheight=12.0pt
* \headsep=19.8738pt
* \topskip=11.0pt
* \footskip=27.46295pt
* \marginparwidth=106.0pt
* \marginparsep=7.0pt
* \columnsep=10.0pt
* \skip\footins=10.0pt plus 4.0pt minus 2.0pt
* \hoffset=0.0pt
* \voffset=0.0pt
* \mag=1000
* \@twocolumnfalse
* \@twosidetrue
* \@mparswitchtrue
* \@reversemarginfalse
* (1in=72.27pt=25.4mm, 1cm=28.453pt)

(/usr/local/texlive/2026/texmf-dist/tex/context/base/mkii/supp-pdf.mkii
[Loading MPS to PDF converter (version 2006.09.02).]
\scratchcounter=\count327
\scratchdimen=\dimen190
\scratchbox=\box61
\nofMPsegments=\count328
\nofMParguments=\count329
\everyMPshowfont=\toks32
\MPscratchCnt=\count330
\MPscratchDim=\dimen191
\MPnumerator=\count331
\makeMPintoPDFobject=\count332
\everyMPtoPDFconversion=\toks33
) (/usr/local/texlive/2026/texmf-dist/tex/latex/epstopdf-pkg/epstopdf-base.sty
Package: epstopdf-base 2020-01-24 v2.11 Base part for package epstopdf
 (/usr/local/texlive/2026/texmf-dist/tex/latex/grfext/grfext.sty
Package: grfext 2019/12/03 v1.3 Manage graphics extensions (HO)
)
Package epstopdf-base Info: Redefining graphics rule for `.eps' on input line 485.
Package grfext Info: Graphics extension search list:
(grfext)             [.pdf,.png,.jpg,.mps,.jpeg,.jbig2,.jb2,.PDF,.PNG,.JPG,.JPEG,.JBIG2,.JB2,.eps]
(grfext)             \AppendGraphicsExtensions on input line 504.
 (/usr/local/texlive/2026/texmf-dist/tex/latex/latexconfig/epstopdf-sys.cfg
File: epstopdf-sys.cfg 2010/07/13 v1.3 Configuration of (r)epstopdf for TeX Live
))
Package hyperref Info: Link coloring ON on input line 83.
 (./MaC.out) (./MaC.out)
\@outlinefile=\write3
\openout3 = `MaC.out'.

\c@lstlisting=\count333
LaTeX Font Info:    Trying to load font information for U+msa on input line 88.
 (/usr/local/texlive/2026/texmf-dist/tex/latex/amsfonts/umsa.fd
File: umsa.fd 2013/01/14 v3.01 AMS symbols A
)
LaTeX Font Info:    Trying to load font information for U+msb on input line 88.
 (/usr/local/texlive/2026/texmf-dist/tex/latex/amsfonts/umsb.fd
File: umsb.fd 2013/01/14 v3.01 AMS symbols B
) [1


{/usr/local/texlive/2026/texmf-var/fonts/map/pdftex/updmap/pdftex.map}{/usr/local/texlive/2026/texmf-dist/fonts/enc/dvips/cm-super/cm-super-t1.enc}] [2

] [3{/usr/local/texlive/2026/texmf-dist/fonts/enc/dvips/cm-super/cm-super-ts1.enc}] [4

] (./MaC.toc [5])
\tf@toc=\write4
\openout4 = `MaC.toc'.

 (../chapters/1_premises.tex [6]
Chapter 1.
<../img/1_img/tavolo.png, id=260, 189.70876pt x 156.585pt>
File: ../img/1_img/tavolo.png Graphic file (type png)
<use ../img/1_img/tavolo.png>
Package pdftex.def Info: ../img/1_img/tavolo.png  used on input line 18.
(pdftex.def)             Requested size: 189.70828pt x 156.58461pt.
<../img/1_img/pelle.png, id=261, 157.58875pt x 125.46875pt>
File: ../img/1_img/pelle.png Graphic file (type png)
<use ../img/1_img/pelle.png>
Package pdftex.def Info: ../img/1_img/pelle.png  used on input line 37.
(pdftex.def)             Requested size: 157.58835pt x 125.46843pt.
[7

 <../img/1_img/tavolo.png> <../img/1_img/pelle.png>]
<../img/1_img/percezione.png, id=270, 151.56625pt x 136.51pt>
File: ../img/1_img/percezione.png Graphic file (type png)
<use ../img/1_img/percezione.png>
Package pdftex.def Info: ../img/1_img/percezione.png  used on input line 47.
(pdftex.def)             Requested size: 151.56587pt x 136.50966pt.
<../img/1_img/musicervice.png, id=272, 121.45375pt x 92.345pt>
File: ../img/1_img/musicervice.png Graphic file (type png)
<use ../img/1_img/musicervice.png>
Package pdftex.def Info: ../img/1_img/musicervice.png  used on input line 61.
(pdftex.def)             Requested size: 121.45343pt x 92.34476pt.
<../img/1_img/pensiero.png, id=273, 154.5775pt x 200.75pt>
File: ../img/1_img/pensiero.png Graphic file (type png)
<use ../img/1_img/pensiero.png>
Package pdftex.def Info: ../img/1_img/pensiero.png  used on input line 73.
(pdftex.def)             Requested size: 154.5771pt x 200.7495pt.
 [8 <../img/1_img/percezione.png> <../img/1_img/musicervice.png> <../img/1_img/pensiero.png>]
<../img/1_img/linguaggio.png, id=281, 138.5175pt x 143.53625pt>
File: ../img/1_img/linguaggio.png Graphic file (type png)
<use ../img/1_img/linguaggio.png>
Package pdftex.def Info: ../img/1_img/linguaggio.png  used on input line 116.
(pdftex.def)             Requested size: 138.51715pt x 143.53589pt.
<../img/1_img/prelinguistico.png, id=282, 161.60374pt x 191.71625pt>
File: ../img/1_img/prelinguistico.png Graphic file (type png)
<use ../img/1_img/prelinguistico.png>
Package pdftex.def Info: ../img/1_img/prelinguistico.png  used on input line 124.
(pdftex.def)             Requested size: 161.60335pt x 191.71577pt.
 [9 <../img/1_img/linguaggio.png> <../img/1_img/prelinguistico.png>]
<../img/1_img/telefono.png, id=296, 160.6pt x 129.48375pt>
File: ../img/1_img/telefono.png Graphic file (type png)
<use ../img/1_img/telefono.png>
Package pdftex.def Info: ../img/1_img/telefono.png  used on input line 157.
(pdftex.def)             Requested size: 160.5996pt x 129.48341pt.
<../img/1_img/fonemi_2.png, id=297, 561.09625pt x 243.91125pt>
File: ../img/1_img/fonemi_2.png Graphic file (type png)
<use ../img/1_img/fonemi_2.png>
Package pdftex.def Info: ../img/1_img/fonemi_2.png  used on input line 208.
(pdftex.def)             Requested size: 561.09488pt x 243.91064pt.
 [10 <../img/1_img/telefono.png>]
<../img/1_img/nota.png, id=303, 260.975pt x 201.75375pt>
File: ../img/1_img/nota.png Graphic file (type png)
<use ../img/1_img/nota.png>
Package pdftex.def Info: ../img/1_img/nota.png  used on input line 214.
(pdftex.def)             Requested size: 260.97437pt x 201.75325pt.
<../img/1_img/inci.png, id=304, 189.70876pt x 63.23625pt>
File: ../img/1_img/inci.png Graphic file (type png)
<use ../img/1_img/inci.png>
Package pdftex.def Info: ../img/1_img/inci.png  used on input line 236.
(pdftex.def)             Requested size: 189.70828pt x 63.23608pt.
 [11 <../img/1_img/fonemi_2.png> <../img/1_img/nota.png> <../img/1_img/inci.png>]
<../img/1_img/ondenote.png, id=311, 1092.4181pt x 302.01253pt>
File: ../img/1_img/ondenote.png Graphic file (type png)
<use ../img/1_img/ondenote.png>
Package pdftex.def Info: ../img/1_img/ondenote.png  used on input line 269.
(pdftex.def)             Requested size: 1092.41545pt x 302.01178pt.
<../img/1_img/india.png, id=312, 350.30875pt x 200.24812pt>
File: ../img/1_img/india.png Graphic file (type png)
<use ../img/1_img/india.png>
Package pdftex.def Info: ../img/1_img/india.png  used on input line 277.
(pdftex.def)             Requested size: 350.30789pt x 200.24763pt.
<../img/1_img/rtmoindia.png, id=313, 1114.1625pt x 180.675pt>
File: ../img/1_img/rtmoindia.png Graphic file (type png)
<use ../img/1_img/rtmoindia.png>
Package pdftex.def Info: ../img/1_img/rtmoindia.png  used on input line 277.
(pdftex.def)             Requested size: 1114.15979pt x 180.67455pt.
<../img/1_img/intervalli.png, id=314, 1017.8025pt x 360.34625pt>
File: ../img/1_img/intervalli.png Graphic file (type png)
<use ../img/1_img/intervalli.png>
Package pdftex.def Info: ../img/1_img/intervalli.png  used on input line 283.
(pdftex.def)             Requested size: 1017.80003pt x 360.34537pt.
<../img/1_img/greg.png, id=315, 574.145pt x 519.9425pt>
File: ../img/1_img/greg.png Graphic file (type png)
<use ../img/1_img/greg.png>
Package pdftex.def Info: ../img/1_img/greg.png  used on input line 289.
(pdftex.def)             Requested size: 574.1436pt x 519.94124pt.
 [12 <../img/1_img/ondenote.png> <../img/1_img/india.png> <../img/1_img/rtmoindia.png> <../img/1_img/intervalli.png>]
<../img/1_img/analisische.png, id=321, 1066.7353pt x 425.33907pt>
File: ../img/1_img/analisische.png Graphic file (type png)
<use ../img/1_img/analisische.png>
Package pdftex.def Info: ../img/1_img/analisische.png  used on input line 301.
(pdftex.def)             Requested size: 1066.7327pt x 425.33801pt.
 [13 <../img/1_img/greg.png> <../img/1_img/analisische.png>]
<../img/1_img/prenatale.png, id=347, 199.74625pt x 205.76875pt>
File: ../img/1_img/prenatale.png Graphic file (type png)
<use ../img/1_img/prenatale.png>
Package pdftex.def Info: ../img/1_img/prenatale.png  used on input line 359.
(pdftex.def)             Requested size: 199.74576pt x 205.76823pt.
<../img/1_img/metro.png, id=348, 218.8175pt x 128.48pt>
File: ../img/1_img/metro.png Graphic file (type png)
<use ../img/1_img/metro.png>
Package pdftex.def Info: ../img/1_img/metro.png  used on input line 360.
(pdftex.def)             Requested size: 218.81696pt x 128.47968pt.

Underfull \vbox (badness 1755) has occurred while \output is active []

 [14]
<../img/1_img/puzzle.png, id=364, 215.80624pt x 214.8025pt>
File: ../img/1_img/puzzle.png Graphic file (type png)
<use ../img/1_img/puzzle.png>
Package pdftex.def Info: ../img/1_img/puzzle.png  used on input line 376.
(pdftex.def)             Requested size: 215.80571pt x 214.80197pt.
 [15 <../img/1_img/prenatale.png> <../img/1_img/metro.png> <../img/1_img/puzzle.png>]
<../img/1_img/montagne.png, id=375, 198.7425pt x 184.69pt>
File: ../img/1_img/montagne.png Graphic file (type png)
<use ../img/1_img/montagne.png>
Package pdftex.def Info: ../img/1_img/montagne.png  used on input line 424.
(pdftex.def)             Requested size: 198.742pt x 184.68953pt.
<../img/1_img/nuvole.png, id=382, 167.62625pt x 129.48375pt>
File: ../img/1_img/nuvole.png Graphic file (type png)
<use ../img/1_img/nuvole.png>
Package pdftex.def Info: ../img/1_img/nuvole.png  used on input line 468.
(pdftex.def)             Requested size: 167.62582pt x 129.48341pt.
 [16 <../img/1_img/montagne.png>]
<../img/1_img/cartello.png, id=395, 175.65625pt x 204.765pt>
File: ../img/1_img/cartello.png Graphic file (type png)
<use ../img/1_img/cartello.png>
Package pdftex.def Info: ../img/1_img/cartello.png  used on input line 512.
(pdftex.def)             Requested size: 175.6558pt x 204.76448pt.
 [17 <../img/1_img/nuvole.png> <../img/1_img/cartello.png>]
<../img/1_img/parcheggio.png, id=408, 279.0425pt x 181.67876pt>
File: ../img/1_img/parcheggio.png Graphic file (type png)
<use ../img/1_img/parcheggio.png>
Package pdftex.def Info: ../img/1_img/parcheggio.png  used on input line 546.
(pdftex.def)             Requested size: 279.04181pt x 181.6783pt.
 [18 <../img/1_img/parcheggio.png>]
<../img/1_img/valore.png, id=423, 208.78pt x 149.55875pt>
File: ../img/1_img/valore.png Graphic file (type png)
<use ../img/1_img/valore.png>
Package pdftex.def Info: ../img/1_img/valore.png  used on input line 609.
(pdftex.def)             Requested size: 208.77946pt x 149.55838pt.
 [19 <../img/1_img/valore.png>]
<../img/1_img/neuro.png, id=435, 114.4275pt x 116.435pt>
File: ../img/1_img/neuro.png Graphic file (type png)
<use ../img/1_img/neuro.png>
Package pdftex.def Info: ../img/1_img/neuro.png  used on input line 647.
(pdftex.def)             Requested size: 114.42722pt x 116.43471pt.
 [20 <../img/1_img/neuro.png>]
Overfull \hbox (10.995pt too wide) in paragraph at lines 682--683
[]\T1/cmr/m/n/10.95 the vari-able re-sult of con-stant re-la-tion-ships be-tween smaller el-e-ments (mor-phemes, phonemes,
 []

<../img/1_img/beethoven.png, id=444, 150.5625pt x 177.66376pt>
File: ../img/1_img/beethoven.png Graphic file (type png)
<use ../img/1_img/beethoven.png>
Package pdftex.def Info: ../img/1_img/beethoven.png  used on input line 727.
(pdftex.def)             Requested size: 150.56212pt x 177.66331pt.
<../img/1_img/pubblico.png, id=445, 225.84375pt x 225.84375pt>
File: ../img/1_img/pubblico.png Graphic file (type png)
<use ../img/1_img/pubblico.png>
Package pdftex.def Info: ../img/1_img/pubblico.png  used on input line 728.
(pdftex.def)             Requested size: 225.84319pt x 225.84319pt.
<../img/1_img/score.png, id=446, 251.94125pt x 201.75375pt>
File: ../img/1_img/score.png Graphic file (type png)
<use ../img/1_img/score.png>
Package pdftex.def Info: ../img/1_img/score.png  used on input line 729.
(pdftex.def)             Requested size: 251.94063pt x 201.75325pt.
[21 <../img/1_img/beethoven.png> <../img/1_img/pubblico.png> <../img/1_img/score.png>]
<../img/1_img/rimandi.png, id=454, 181.67876pt x 134.5025pt>
File: ../img/1_img/rimandi.png Graphic file (type png)
<use ../img/1_img/rimandi.png>
Package pdftex.def Info: ../img/1_img/rimandi.png  used on input line 739.
(pdftex.def)             Requested size: 181.6783pt x 134.50215pt.
<../img/1_img/barocca.png, id=457, 173.64874pt x 203.76125pt>
File: ../img/1_img/barocca.png Graphic file (type png)
<use ../img/1_img/barocca.png>
Package pdftex.def Info: ../img/1_img/barocca.png  used on input line 774.
(pdftex.def)             Requested size: 173.64832pt x 203.76074pt.
<../img/1_img/moderna.png, id=458, 189.70876pt x 110.4125pt>
File: ../img/1_img/moderna.png Graphic file (type png)
<use ../img/1_img/moderna.png>
Package pdftex.def Info: ../img/1_img/moderna.png  used on input line 775.
(pdftex.def)             Requested size: 189.70828pt x 110.41222pt.
<../img/1_img/indigeni.png, id=461, 114.4275pt x 110.4125pt>
File: ../img/1_img/indigeni.png Graphic file (type png)
<use ../img/1_img/indigeni.png>
Package pdftex.def Info: ../img/1_img/indigeni.png  used on input line 781.
(pdftex.def)             Requested size: 114.42722pt x 110.41222pt.
 [22 <../img/1_img/rimandi.png> <../img/1_img/barocca.png> <../img/1_img/moderna.png>]
<../img/1_img/acousma.png, id=471, 189.70876pt x 135.50626pt>
File: ../img/1_img/acousma.png Graphic file (type png)
<use ../img/1_img/acousma.png>
Package pdftex.def Info: ../img/1_img/acousma.png  used on input line 787.
(pdftex.def)             Requested size: 189.70828pt x 135.5059pt.
<../img/1_img/sony.png, id=472, 144.54pt x 128.48pt>
File: ../img/1_img/sony.png Graphic file (type png)
<use ../img/1_img/sony.png>
Package pdftex.def Info: ../img/1_img/sony.png  used on input line 788.
(pdftex.def)             Requested size: 144.53963pt x 128.47968pt.
<../img/1_img/trattato.png, id=473, 140.525pt x 144.54pt>
File: ../img/1_img/trattato.png Graphic file (type png)
<use ../img/1_img/trattato.png>
Package pdftex.def Info: ../img/1_img/trattato.png  used on input line 803.
(pdftex.def)             Requested size: 140.52464pt x 144.53963pt.
<../img/1_img/frasemus.png, id=474, 393.8715pt x 227.8914pt>
File: ../img/1_img/frasemus.png Graphic file (type png)
<use ../img/1_img/frasemus.png>
Package pdftex.def Info: ../img/1_img/frasemus.png  used on input line 809.
(pdftex.def)             Requested size: 393.87053pt x 227.89084pt.
 [23 <../img/1_img/indigeni.png> <../img/1_img/acousma.png> <../img/1_img/sony.png> <../img/1_img/trattato.png> <../img/1_img/frasemus.png>]
<../img/1_img/lineatempo.png, id=485, 1938.24126pt x 1065.9825pt>
File: ../img/1_img/lineatempo.png Graphic file (type png)
<use ../img/1_img/lineatempo.png>
Package pdftex.def Info: ../img/1_img/lineatempo.png  used on input line 821.
(pdftex.def)             Requested size: 1938.23654pt x 1065.9799pt.
 [24 <../img/1_img/lineatempo.png>]) (../chapters/2_instruments.tex [25] [26

]
Chapter 2.
<../img/2_img/chains.png, id=505, 985.6825pt x 422.57875pt>
File: ../img/2_img/chains.png Graphic file (type png)
<use ../img/2_img/chains.png>
Package pdftex.def Info: ../img/2_img/chains.png  used on input line 53.
(pdftex.def)             Requested size: 985.68008pt x 422.57771pt.
[27]
<../img/2_img/tape.png, id=513, 165.61874pt x 141.52875pt>
File: ../img/2_img/tape.png Graphic file (type png)
<use ../img/2_img/tape.png>
Package pdftex.def Info: ../img/2_img/tape.png  used on input line 88.
(pdftex.def)             Requested size: 165.61833pt x 141.5284pt.
 [28 <../img/2_img/chains.png> <../img/2_img/tape.png>] [29]
<../img/2_img/ambi.png, id=537, 151.06438pt x 80.80188pt>
File: ../img/2_img/ambi.png Graphic file (type png)
<use ../img/2_img/ambi.png>
Package pdftex.def Info: ../img/2_img/ambi.png  used on input line 175.
(pdftex.def)             Requested size: 151.064pt x 80.80167pt.
 [30 <../img/2_img/ambi.png>]
<../img/2_img/radio.png, id=553, 158.5925pt x 132.495pt>
File: ../img/2_img/radio.png Graphic file (type png)
<use ../img/2_img/radio.png>
Package pdftex.def Info: ../img/2_img/radio.png  used on input line 282.
(pdftex.def)             Requested size: 158.59209pt x 132.49466pt.
 [31]
<../img/2_img/comp.png, id=564, 169.63374pt x 133.49875pt>
File: ../img/2_img/comp.png Graphic file (type png)
<use ../img/2_img/comp.png>
Package pdftex.def Info: ../img/2_img/comp.png  used on input line 326.
(pdftex.def)             Requested size: 169.63332pt x 133.4984pt.
 [32 <../img/2_img/radio.png> <../img/2_img/comp.png>]
<../img/2_img/danza.png, id=575, 290.08376pt x 174.6525pt>
File: ../img/2_img/danza.png Graphic file (type png)
<use ../img/2_img/danza.png>
Package pdftex.def Info: ../img/2_img/danza.png  used on input line 391.
(pdftex.def)             Requested size: 290.08304pt x 174.65207pt.
 [33 <../img/2_img/danza.png>]
<../img/2_img/game.png, id=583, 628.3475pt x 419.5675pt>
File: ../img/2_img/game.png Graphic file (type png)
<use ../img/2_img/game.png>
Package pdftex.def Info: ../img/2_img/game.png  used on input line 415.
(pdftex.def)             Requested size: 628.34596pt x 419.56647pt.
 [34 <../img/2_img/game.png>]
<../img/2_img/chain2.png, id=593, 948.54375pt x 441.65pt>
File: ../img/2_img/chain2.png Graphic file (type png)
<use ../img/2_img/chain2.png>
Package pdftex.def Info: ../img/2_img/chain2.png  used on input line 496.
(pdftex.def)             Requested size: 948.54143pt x 441.64891pt.
<../img/2_img/lset.png, id=594, 263.98625pt x 181.67876pt>
File: ../img/2_img/lset.png Graphic file (type png)
<use ../img/2_img/lset.png>
Package pdftex.def Info: ../img/2_img/lset.png  used on input line 502.
(pdftex.def)             Requested size: 263.9856pt x 181.6783pt.
 [35 <../img/2_img/chain2.png> <../img/2_img/lset.png>]
<../img/2_img/lel.png, id=604, 95.35625pt x 99.37125pt>
File: ../img/2_img/lel.png Graphic file (type png)
<use ../img/2_img/lel.png>
Package pdftex.def Info: ../img/2_img/lel.png  used on input line 531.
(pdftex.def)             Requested size: 95.356pt x 99.371pt.
<../img/2_img/lcod.png, id=607, 181.67876pt x 171.64125pt>
File: ../img/2_img/lcod.png Graphic file (type png)
<use ../img/2_img/lcod.png>
Package pdftex.def Info: ../img/2_img/lcod.png  used on input line 561.
(pdftex.def)             Requested size: 181.6783pt x 171.64081pt.
 [36 <../img/2_img/lel.png>]

LaTeX Warning: Reference `supercollider-basics' on page 37 undefined on input line 589.

[37 <../img/2_img/lcod.png>]
<../img/2_img/modello.png, id=626, 422.57875pt x 571.13374pt>
File: ../img/2_img/modello.png Graphic file (type png)
<use ../img/2_img/modello.png>
Package pdftex.def Info: ../img/2_img/modello.png  used on input line 626.
(pdftex.def)             Requested size: 422.57771pt x 571.13235pt.


LaTeX Warning: Reference `components-connections-and-parameters' on page 38 undefined on input line 629.

Package hyperref Info: bookmark level for unknown lstlisting defaults to 0 on input line 642.
LaTeX Font Info:    Font shape `T1/cmtt/bx/n' in size <9> not available
(Font)              Font shape `T1/cmtt/m/n' tried instead on input line 647.
[38 <../img/2_img/modello.png>]

LaTeX Warning: Reference `triggers-envelope-types-and-durations' on page 39 undefined on input line 706.

[39]) [40] [41


] [42] (./MaC.lol)
\tf@lol=\write5
\openout5 = `MaC.lol'.

 [43

] [44

] [45] [46] (./MaC.aux)
 ***********
LaTeX2e <2025-11-01>
L3 programming layer <2026-01-19>
 ***********


LaTeX Warning: There were undefined references.

Package rerunfilecheck Info: File `MaC.out' has not changed.
(rerunfilecheck)             Checksum: 7C1BF44311C272C8751176FFD6912687;7362.
 ) 
Here is how much of TeX's memory you used:
 14809 strings out of 467525
 228046 string characters out of 5418983
 1074938 words of memory out of 5000000
 43326 multiletter control sequences out of 15000+600000
 646427 words of font info for 82 fonts, out of 8000000 for 9000
 1141 hyphenation exceptions out of 8191
 69i,6n,79p,738b,2065s stack positions out of 10000i,1000n,20000p,200000b,200000s
</usr/local/texlive/2026/texmf-dist/fonts/type1/public/amsfonts/cm/cmsy10.pfb></usr/local/texlive/2026/texmf-dist/fonts/type1/public/cm-super/sfbx1095.pfb></usr/local/texlive/2026/texmf-dist/fonts/type1/public/cm-super/sfbx1200.pfb></usr/local/texlive/2026/texmf-dist/fonts/type1/public/cm-super/sfbx1440.pfb></usr/local/texlive/2026/texmf-dist/fonts/type1/public/cm-super/sfbx2074.pfb></usr/local/texlive/2026/texmf-dist/fonts/type1/public/cm-super/sfbx2488.pfb></usr/local/texlive/2026/texmf-dist/fonts/type1/public/cm-super/sfrm0600.pfb></usr/local/texlive/2026/texmf-dist/fonts/type1/public/cm-super/sfrm1095.pfb></usr/local/texlive/2026/texmf-dist/fonts/type1/public/cm-super/sfrm1200.pfb></usr/local/texlive/2026/texmf-dist/fonts/type1/public/cm-super/sfrm1728.pfb></usr/local/texlive/2026/texmf-dist/fonts/type1/public/cm-super/sfsl1095.pfb></usr/local/texlive/2026/texmf-dist/fonts/type1/public/cm-super/sfti1095.pfb></usr/local/texlive/2026/texmf-dist/fonts/type1/public/cm-super/sftt0900.pfb></usr/local/texlive/2026/texmf-dist/fonts/type1/public/cm-super/sftt1095.pfb>
Output written on MaC.pdf (46 pages, 3919991 bytes).
PDF statistics:
 862 PDF objects out of 1000 (max. 8388607)
 691 compressed objects within 7 object streams
 179 named destinations out of 1000 (max. 500000)
 603 words of extra memory for PDF output out of 10000 (max. 10000000)

